2022-11-14-17:56:19 [main/INFO] [Launcher] 
  @@@@@@@@@@@@@@@\].           =@@@@@@^                       ,@@@@@@^   
  @@@@@@@@@@@@@@@@@@@\.        =@@@@@@@^                     .@@@@@@@^   
  @@@@@.      .[\@@@@@@^       =@@@@@@@@`                   .@@@@@@@@^   
  @@@@@.          ,@@@@@^      =@@@@=@@@@.                 .@@@@O@@@@^   
  @@@@@.           =@@@@O      =@@@@`@@@@@.                /@@@/=@@@@^   
  @@@@@.           .@@@@@      =@@@@^.@@@@\               /@@@@.=@@@@^   
  @@@@@.           ,@@@@O      =@@@@^ ,@@@@\             =@@@@. =@@@@^   
  @@@@@.          ./@@@@^      =@@@@^  ,@@@@^           =@@@@`  =@@@@^   
  @@@@@.        .]@@@@@^       =@@@@^   =@@@@^         ,@@@@`   =@@@@^   
  @@@@@\]]]]/@@@@@@@@@`        =@@@@^    =@@@@`       ,@@@@^    =@@@@^   
  @@@@@@@@@@@@@@@@@[.          =@@@@^     \@@@@.     .@@@@^     =@@@@^   
  @@@@@[[[[[[[[.               =@@@@^     .\@@@@.   .@@@@/      =@@@@^   
  @@@@@.                       =@@@@^      .@@@@\   /@@@/       =@@@@^   
  @@@@@.                       =@@@@^       .@@@@^ =@@@@.       =@@@@^   
  @@@@@.                       =@@@@^        ,@@@@\@@@@.        =@@@@^   
  @@@@@.                       =@@@@^         ,@@@@@@@`         =@@@@^   
  @@@@@.                       =@@@@^          =@@@@@`          =@@@@^   
  @@@@@.                       =@@@@^           =@@@^           =@@@@^   

2022-11-14-17:56:19 [main/INFO] [Launcher] PotatoMaker感谢您的使用
2022-11-14-17:56:19 [main/INFO] [PMPluginLoader] PM成功载入插件testPlugin
2022-11-14-17:56:19 [main/WARN] [PMPluginLoader] 无法载入插件:E:\gradleProject\PotatoMaker\run\plugins\testplugin.jar
2022-11-14-17:56:19 [main/ERROR] [Exception] Uncaught exception in main
java.lang.NoClassDefFoundError: org/cdc/potatomaker/plugin/loader/AbstractPlugin
	at java.lang.ClassLoader.defineClass1(Native Method) ~[?:?]
	at java.lang.ClassLoader.defineClass(ClassLoader.java:1012) ~[?:?]
	at java.security.SecureClassLoader.defineClass(SecureClassLoader.java:150) ~[?:?]
	at java.net.URLClassLoader.defineClass(URLClassLoader.java:524) ~[?:?]
	at java.net.URLClassLoader$1.run(URLClassLoader.java:427) ~[?:?]
	at java.net.URLClassLoader$1.run(URLClassLoader.java:421) ~[?:?]
	at java.security.AccessController.doPrivileged(AccessController.java:712) ~[?:?]
	at java.net.URLClassLoader.findClass(URLClassLoader.java:420) ~[?:?]
	at java.lang.ClassLoader.loadClass(ClassLoader.java:587) ~[?:?]
	at org.cdc.potatomaker.plugin.loader.ModulePluginLoader.loadClass(ModulePluginLoader.java:34) ~[classes/:?]
	at java.lang.ClassLoader.loadClass(ClassLoader.java:520) ~[?:?]
	at org.cdc.potatomaker.plugin.loader.PMPluginLoader.loadPlugins(PMPluginLoader.java:88) ~[classes/:?]
	at org.cdc.potatomaker.Launcher.main(Launcher.java:73) ~[classes/:?]
Caused by: java.lang.ClassNotFoundException: can't find class:org.cdc.potatomaker.plugin.loader.AbstractPlugin
	at org.cdc.potatomaker.plugin.loader.ModulePluginLoader.loadClass(ModulePluginLoader.java:42) ~[classes/:?]
	at java.lang.ClassLoader.loadClass(ClassLoader.java:520) ~[?:?]
	... 13 more
