2022-11-14-18:26:44 [main/INFO] [Launcher] 
  @@@@@@@@@@@@@@@\].           =@@@@@@^                       ,@@@@@@^   
  @@@@@@@@@@@@@@@@@@@\.        =@@@@@@@^                     .@@@@@@@^   
  @@@@@.      .[\@@@@@@^       =@@@@@@@@`                   .@@@@@@@@^   
  @@@@@.          ,@@@@@^      =@@@@=@@@@.                 .@@@@O@@@@^   
  @@@@@.           =@@@@O      =@@@@`@@@@@.                /@@@/=@@@@^   
  @@@@@.           .@@@@@      =@@@@^.@@@@\               /@@@@.=@@@@^   
  @@@@@.           ,@@@@O      =@@@@^ ,@@@@\             =@@@@. =@@@@^   
  @@@@@.          ./@@@@^      =@@@@^  ,@@@@^           =@@@@`  =@@@@^   
  @@@@@.        .]@@@@@^       =@@@@^   =@@@@^         ,@@@@`   =@@@@^   
  @@@@@\]]]]/@@@@@@@@@`        =@@@@^    =@@@@`       ,@@@@^    =@@@@^   
  @@@@@@@@@@@@@@@@@[.          =@@@@^     \@@@@.     .@@@@^     =@@@@^   
  @@@@@[[[[[[[[.               =@@@@^     .\@@@@.   .@@@@/      =@@@@^   
  @@@@@.                       =@@@@^      .@@@@\   /@@@/       =@@@@^   
  @@@@@.                       =@@@@^       .@@@@^ =@@@@.       =@@@@^   
  @@@@@.                       =@@@@^        ,@@@@\@@@@.        =@@@@^   
  @@@@@.                       =@@@@^         ,@@@@@@@`         =@@@@^   
  @@@@@.                       =@@@@^          =@@@@@`          =@@@@^   
  @@@@@.                       =@@@@^           =@@@^           =@@@@^   

2022-11-14-18:26:44 [main/INFO] [Launcher] PotatoMaker感谢您的使用
2022-11-14-18:26:44 [main/INFO] [PMPluginLoader] PM成功载入插件TestLib
2022-11-14-18:26:44 [main/INFO] [PMPluginLoader] PM成功载入插件testPlugin
2022-11-14-18:26:44 [main/WARN] [PMPluginLoader] 无法载入重名插件:E:\gradleProject\PotatoMaker\run\plugins\testlibplugin.jar
2022-11-14-18:26:44 [main/WARN] [PMPluginLoader] 无法载入重名插件:E:\gradleProject\PotatoMaker\run\plugins\testplugin.jar
2022-11-14-18:26:44 [main/ERROR] [Exception] Uncaught exception in main
java.lang.NoClassDefFoundError: org/cdc/lib/TestLib
	at org.cdc.plugin.TestPlugin.onEnable(TestPlugin.java:17) ~[?:?]
	at org.cdc.potatomaker.plugin.loader.PMPluginLoader.loadPlugins(PMPluginLoader.java:101) ~[classes/:?]
	at org.cdc.potatomaker.Launcher.main(Launcher.java:77) ~[classes/:?]
Caused by: java.lang.ClassNotFoundException: can't find class:org.cdc.lib.TestLib
	at org.cdc.potatomaker.plugin.loader.ModulePluginLoader.loadClass(ModulePluginLoader.java:42) ~[classes/:?]
	at java.lang.ClassLoader.loadClass(ClassLoader.java:520) ~[?:?]
	... 3 more
2022-11-14-18:26:44 [Thread-0/INFO] [testPlugin] 插件被卸载
2022-11-14-18:26:44 [Thread-0/ERROR] [Exception] Uncaught exception in Thread-0
java.lang.NullPointerException: Cannot invoke "org.cdc.potatomaker.plugin.loader.AbstractPlugin.onDisable()" because the return value of "org.cdc.potatomaker.plugin.loader.PluginLoader.getPluginInstance()" is null
	at org.cdc.potatomaker.plugin.loader.PMPluginLoader.lambda$unloadPlugins$2(PMPluginLoader.java:134) ~[classes/:?]
	at java.util.HashMap$Values.forEach(HashMap.java:1065) ~[?:?]
	at org.cdc.potatomaker.plugin.loader.PMPluginLoader.unloadPlugins(PMPluginLoader.java:134) ~[classes/:?]
	at org.cdc.potatomaker.Launcher.lambda$main$1(Launcher.java:73) ~[classes/:?]
	at java.lang.Thread.run(Thread.java:833) ~[?:?]
