2022-11-14-18:04:02 [main/INFO] [Launcher] 
  @@@@@@@@@@@@@@@\].           =@@@@@@^                       ,@@@@@@^   
  @@@@@@@@@@@@@@@@@@@\.        =@@@@@@@^                     .@@@@@@@^   
  @@@@@.      .[\@@@@@@^       =@@@@@@@@`                   .@@@@@@@@^   
  @@@@@.          ,@@@@@^      =@@@@=@@@@.                 .@@@@O@@@@^   
  @@@@@.           =@@@@O      =@@@@`@@@@@.                /@@@/=@@@@^   
  @@@@@.           .@@@@@      =@@@@^.@@@@\               /@@@@.=@@@@^   
  @@@@@.           ,@@@@O      =@@@@^ ,@@@@\             =@@@@. =@@@@^   
  @@@@@.          ./@@@@^      =@@@@^  ,@@@@^           =@@@@`  =@@@@^   
  @@@@@.        .]@@@@@^       =@@@@^   =@@@@^         ,@@@@`   =@@@@^   
  @@@@@\]]]]/@@@@@@@@@`        =@@@@^    =@@@@`       ,@@@@^    =@@@@^   
  @@@@@@@@@@@@@@@@@[.          =@@@@^     \@@@@.     .@@@@^     =@@@@^   
  @@@@@[[[[[[[[.               =@@@@^     .\@@@@.   .@@@@/      =@@@@^   
  @@@@@.                       =@@@@^      .@@@@\   /@@@/       =@@@@^   
  @@@@@.                       =@@@@^       .@@@@^ =@@@@.       =@@@@^   
  @@@@@.                       =@@@@^        ,@@@@\@@@@.        =@@@@^   
  @@@@@.                       =@@@@^         ,@@@@@@@`         =@@@@^   
  @@@@@.                       =@@@@^          =@@@@@`          =@@@@^   
  @@@@@.                       =@@@@^           =@@@^           =@@@@^   

2022-11-14-18:04:02 [main/INFO] [Launcher] PotatoMaker感谢您的使用
2022-11-14-18:04:02 [main/ERROR] [STDERR] java.lang.NullPointerException
2022-11-14-18:04:02 [main/ERROR] [STDERR] at java.base/java.util.Objects.requireNonNull(Objects.java:208)
2022-11-14-18:04:02 [main/ERROR] [STDERR] at org.cdc.potatomaker.plugin.loader.PMPluginLoader.loadPluginInfo(PMPluginLoader.java:125)
2022-11-14-18:04:02 [main/ERROR] [STDERR] at org.cdc.potatomaker.plugin.loader.PMPluginLoader.loadPlugin(PMPluginLoader.java:120)
2022-11-14-18:04:02 [main/ERROR] [STDERR] at org.cdc.potatomaker.plugin.loader.PMPluginLoader.lambda$loadPlugins$0(PMPluginLoader.java:66)
2022-11-14-18:04:02 [main/ERROR] [STDERR] at java.base/java.util.ArrayList.forEach(ArrayList.java:1511)
2022-11-14-18:04:02 [main/ERROR] [STDERR] at org.cdc.potatomaker.plugin.loader.PMPluginLoader.loadPlugins(PMPluginLoader.java:64)
2022-11-14-18:04:02 [main/ERROR] [STDERR] at org.cdc.potatomaker.Launcher.main(Launcher.java:73)
2022-11-14-18:04:02 [main/WARN] [PMPluginLoader] 因为未知的原因无法载入插件:E:\gradleProject\PotatoMaker\run\plugins\testplugin.jar
2022-11-14-18:04:02 [main/ERROR] [STDERR] java.lang.NullPointerException
2022-11-14-18:04:02 [main/ERROR] [STDERR] at java.base/java.util.Objects.requireNonNull(Objects.java:208)
2022-11-14-18:04:02 [main/ERROR] [STDERR] at org.cdc.potatomaker.plugin.loader.PMPluginLoader.loadPluginInfo(PMPluginLoader.java:125)
2022-11-14-18:04:02 [main/ERROR] [STDERR] at org.cdc.potatomaker.plugin.loader.PMPluginLoader.loadPlugin(PMPluginLoader.java:120)
2022-11-14-18:04:02 [main/ERROR] [STDERR] at org.cdc.potatomaker.plugin.loader.PMPluginLoader.lambda$loadPlugins$0(PMPluginLoader.java:66)
2022-11-14-18:04:02 [main/ERROR] [STDERR] at java.base/java.util.ArrayList.forEach(ArrayList.java:1511)
2022-11-14-18:04:02 [main/ERROR] [STDERR] at org.cdc.potatomaker.plugin.loader.PMPluginLoader.loadPlugins(PMPluginLoader.java:64)
2022-11-14-18:04:02 [main/ERROR] [STDERR] at org.cdc.potatomaker.Launcher.main(Launcher.java:73)
2022-11-14-18:04:02 [main/WARN] [PMPluginLoader] 因为未知的原因无法载入插件:E:\gradleProject\PotatoMaker\run\plugins\testplugin.jar
